# JRE version: Java(TM) SE Runtime Environment (8.0_91-b14) (build 1.8.0_91-b14)
# Java VM: Java HotSpot(TM) Server VM (25.91-b14 mixed mode linux-x86 )
Heap:
 PSYoungGen      total 127488K, used 107782K [0x9c8c0000, 0xa7000000, 0xa7000000)
  eden space 102144K, 80% used [0x9c8c0000,0xa1944fd8,0xa2c80000)
  from space 25344K, 99% used [0xa5740000,0xa6ffcad0,0xa7000000)
  to   space 34560K, 0% used [0xa2c80000,0xa2c80000,0xa4e40000)
 ParOldGen       total 81408K, used 57477K [0x87a00000, 0x8c980000, 0x9c8c0000)
  object space 81408K, 70% used [0x87a00000,0x8b2217c0,0x8c980000)
 Metaspace       used 18698K, capacity 19039K, committed 19096K, reserved 19760K
GC Heap History (10 events):
Event: 7.713 GC heap before
{Heap before GC invocations=8 (full 0):
 PSYoungGen      total 71936K, used 71587K [0x9c8c0000, 0xa56c0000, 0xa7000000)
  eden space 65536K, 100% used [0x9c8c0000,0xa08c0000,0xa08c0000)
  from space 6400K, 94% used [0xa08c0000,0xa0ea8ee8,0xa0f00000)
  to   space 7168K, 0% used [0xa4fc0000,0xa4fc0000,0xa56c0000)
 ParOldGen       total 22016K, used 12428K [0x87a00000, 0x88f80000, 0x9c8c0000)
  object space 22016K, 56% used [0x87a00000,0x886232e0,0x88f80000)
 Metaspace       used 14457K, capacity 14769K, committed 14872K, reserved 15664K
Event: 7.795 GC heap after
Heap after GC invocations=8 (full 0):
 PSYoungGen      total 131840K, used 7157K [0x9c8c0000, 0xa6340000, 0xa7000000)
  eden space 124672K, 0% used [0x9c8c0000,0x9c8c0000,0xa4280000)
  from space 7168K, 99% used [0xa4fc0000,0xa56bd770,0xa56c0000)
  to   space 13568K, 0% used [0xa4280000,0xa4280000,0xa4fc0000)
 ParOldGen       total 24576K, used 24368K [0x87a00000, 0x89200000, 0x9c8c0000)
  object space 24576K, 99% used [0x87a00000,0x891cc180,0x89200000)
 Metaspace       used 14457K, capacity 14769K, committed 14872K, reserved 15664K
}
Event: 7.796 GC heap before
{Heap before GC invocations=9 (full 1):
 PSYoungGen      total 131840K, used 7157K [0x9c8c0000, 0xa6340000, 0xa7000000)
  eden space 124672K, 0% used [0x9c8c0000,0x9c8c0000,0xa4280000)
  from space 7168K, 99% used [0xa4fc0000,0xa56bd770,0xa56c0000)
  to   space 13568K, 0% used [0xa4280000,0xa4280000,0xa4fc0000)
 ParOldGen       total 24576K, used 24368K [0x87a00000, 0x89200000, 0x9c8c0000)
  object space 24576K, 99% used [0x87a00000,0x891cc180,0x89200000)
 Metaspace       used 14457K, capacity 14769K, committed 14872K, reserved 15664K
Event: 7.993 GC heap after
Heap after GC invocations=9 (full 1):
 PSYoungGen      total 131840K, used 2500K [0x9c8c0000, 0xa6340000, 0xa7000000)
  eden space 124672K, 0% used [0x9c8c0000,0x9c8c0000,0xa4280000)
  from space 7168K, 34% used [0xa4fc0000,0xa5231030,0xa56c0000)
  to   space 13568K, 0% used [0xa4280000,0xa4280000,0xa4fc0000)
 ParOldGen       total 45568K, used 24449K [0x87a00000, 0x8a680000, 0x9c8c0000)
  object space 45568K, 53% used [0x87a00000,0x891e0520,0x8a680000)
 Metaspace       used 14457K, capacity 14769K, committed 14872K, reserved 15664K
}
Event: 9.645 GC heap before
{Heap before GC invocations=10 (full 1):
 PSYoungGen      total 131840K, used 127172K [0x9c8c0000, 0xa6340000, 0xa7000000)
  eden space 124672K, 100% used [0x9c8c0000,0xa4280000,0xa4280000)
  from space 7168K, 34% used [0xa4fc0000,0xa5231030,0xa56c0000)
  to   space 13568K, 0% used [0xa4280000,0xa4280000,0xa4fc0000)
 ParOldGen       total 45568K, used 26635K [0x87a00000, 0x8a680000, 0x9c8c0000)
  object space 45568K, 58% used [0x87a00000,0x89402fd0,0x8a680000)
 Metaspace       used 14474K, capacity 14769K, committed 14872K, reserved 15664K
Event: 9.827 GC heap after
Heap after GC invocations=10 (full 1):
 PSYoungGen      total 138240K, used 13566K [0x9c8c0000, 0xa7000000, 0xa7000000)
  eden space 124672K, 0% used [0x9c8c0000,0x9c8c0000,0xa4280000)
  from space 13568K, 99% used [0xa4280000,0xa4fbfa70,0xa4fc0000)
  to   space 25344K, 0% used [0xa5740000,0xa5740000,0xa7000000)
 ParOldGen       total 50688K, used 50459K [0x87a00000, 0x8ab80000, 0x9c8c0000)
  object space 50688K, 99% used [0x87a00000,0x8ab46d40,0x8ab80000)
 Metaspace       used 14474K, capacity 14769K, committed 14872K, reserved 15664K
}
Event: 9.827 GC heap before
{Heap before GC invocations=11 (full 2):
 PSYoungGen      total 138240K, used 13566K [0x9c8c0000, 0xa7000000, 0xa7000000)
  eden space 124672K, 0% used [0x9c8c0000,0x9c8c0000,0xa4280000)
  from space 13568K, 99% used [0xa4280000,0xa4fbfa70,0xa4fc0000)
  to   space 25344K, 0% used [0xa5740000,0xa5740000,0xa7000000)
 ParOldGen       total 50688K, used 50459K [0x87a00000, 0x8ab80000, 0x9c8c0000)
  object space 50688K, 99% used [0x87a00000,0x8ab46d40,0x8ab80000)
 Metaspace       used 14474K, capacity 14769K, committed 14872K, reserved 15664K
Event: 10.142 GC heap after
Heap after GC invocations=11 (full 2):
 PSYoungGen      total 138240K, used 0K [0x9c8c0000, 0xa7000000, 0xa7000000)
  eden space 124672K, 0% used [0x9c8c0000,0x9c8c0000,0xa4280000)
  from space 13568K, 0% used [0xa4280000,0xa4280000,0xa4fc0000)
  to   space 25344K, 0% used [0xa5740000,0xa5740000,0xa7000000)
 ParOldGen       total 81408K, used 44488K [0x87a00000, 0x8c980000, 0x9c8c0000)
  object space 81408K, 54% used [0x87a00000,0x8a5721a0,0x8c980000)
 Metaspace       used 14474K, capacity 14769K, committed 14872K, reserved 15664K
}
Event: 11.685 GC heap before
{Heap before GC invocations=12 (full 2):
 PSYoungGen      total 138240K, used 124672K [0x9c8c0000, 0xa7000000, 0xa7000000)
  eden space 124672K, 100% used [0x9c8c0000,0xa4280000,0xa4280000)
  from space 13568K, 0% used [0xa4280000,0xa4280000,0xa4fc0000)
  to   space 25344K, 0% used [0xa5740000,0xa5740000,0xa7000000)
 ParOldGen       total 81408K, used 44488K [0x87a00000, 0x8c980000, 0x9c8c0000)
  object space 81408K, 54% used [0x87a00000,0x8a572258,0x8c980000)
 Metaspace       used 14481K, capacity 14769K, committed 14872K, reserved 15664K
Event: 11.881 GC heap after
Heap after GC invocations=12 (full 2):
 PSYoungGen      total 127488K, used 25330K [0x9c8c0000, 0xa7000000, 0xa7000000)
  eden space 102144K, 0% used [0x9c8c0000,0x9c8c0000,0xa2c80000)
  from space 25344K, 99% used [0xa5740000,0xa6ffcad0,0xa7000000)
  to   space 34560K, 0% used [0xa2c80000,0xa2c80000,0xa4e40000)
 ParOldGen       total 81408K, used 57477K [0x87a00000, 0x8c980000, 0x9c8c0000)
  object space 81408K, 70% used [0x87a00000,0x8b2217c0,0x8c980000)
 Metaspace       used 14481K, capacity 14769K, committed 14872K, reserved 15664K
}

